12/10/2020 07:58:28.317 [VixenApplication.Program] Vixen app starting. 
12/10/2020 07:58:29.770 [VixenApplication.VixenApplication] Starting JIT Profiler 
12/10/2020 07:58:29.786 [VixenApplication.VixenApplication] Completed JIT Profiler 
12/10/2020 07:58:29.801 [VixenApplication.VixenApplication] Processing Profiles 
12/10/2020 07:58:29.801 [VixenApplication.VixenApplication] Finished Processing Profiles 
12/10/2020 07:58:29.833 [VixenApplication.VixenApplication] Release 3.6u3 - Build #927 
12/10/2020 07:58:30.004 [VixenApplication.VixenApplication] .NET Runtime is: 4.8.4250.0 
12/10/2020 07:58:30.051 [Vixen.Sys.VixenSystem] Vixen System starting up... 
12/10/2020 07:58:32.536 [VersionControl.Module] Initializing version control. Enabled:False. 
12/10/2020 07:58:32.536 [VersionControl.Module] Initializing version control complete. 
12/10/2020 07:58:32.848 [Vixen.Sys.State.Execution.OpeningState] Vixen execution engine entering the open state... 
12/10/2020 07:58:32.926 [VixenModules.Output.GenericSerial.Module] Starting retry counter for com port access. Retry count is 1 
12/10/2020 07:58:32.942 [Vixen.Sys.State.Execution.OpenState] Vixen execution engine entered the open state. 
12/10/2020 07:58:32.966 [Vixen.Sys.VixenSystem] Vixen System successfully started. 
12/10/2020 07:58:34.718 [VixenApplication.VixenApplication]  Release version 3.7u3 available. 
12/10/2020 08:00:32.931 [VixenModules.Output.GenericSerial.Module] Attempting to start serial controller. 
12/10/2020 08:00:32.931 [VixenModules.Output.GenericSerial.Module] Starting retry counter for com port access. Retry count is 2 
12/10/2020 08:02:32.945 [VixenModules.Output.GenericSerial.Module] Attempting to start serial controller. 
12/10/2020 08:02:32.945 [VixenModules.Output.GenericSerial.Module] Starting retry counter for com port access. Retry count is 3 
12/10/2020 08:04:32.958 [VixenModules.Output.GenericSerial.Module] Attempting to start serial controller. 
12/10/2020 08:04:32.958 [VixenModules.Output.GenericSerial.Module] Retry counter for com port access has exceeded max tries.  Controller has been stopped. 
12/10/2020 09:26:37.324 [VixenApplication.NLogListener] Application.MainWindow is null, cannot subscribe to keyboard events, subscribed to Application.Activated event 
12/10/2020 09:26:52.129 [Vixen.Sys.VixenSystem] Vixen System stopping... 
12/10/2020 09:26:52.139 [Vixen.Sys.State.Execution.ClosingState] Vixen execution engine entering the closing state... 
12/10/2020 09:26:52.219 [Vixen.Sys.State.Execution.ClosedState] Vixen execution engine entered the closed state. 
12/10/2020 09:26:52.309 [Vixen.Sys.VixenSystem] Vixen System successfully stopped. 
12/10/2020 10:18:42.563 [VixenApplication.Program] Vixen app starting. 
12/10/2020 10:18:43.828 [VixenApplication.VixenApplication] Starting JIT Profiler 
12/10/2020 10:18:43.844 [VixenApplication.VixenApplication] Completed JIT Profiler 
12/10/2020 10:18:43.844 [VixenApplication.VixenApplication] Processing Profiles 
12/10/2020 10:18:43.859 [VixenApplication.VixenApplication] Finished Processing Profiles 
12/10/2020 10:18:43.875 [VixenApplication.VixenApplication] Release 3.6u3 - Build #927 
12/10/2020 10:18:44.047 [VixenApplication.VixenApplication] .NET Runtime is: 4.8.4250.0 
12/10/2020 10:18:44.109 [Vixen.Sys.VixenSystem] Vixen System starting up... 
12/10/2020 10:18:46.688 [VersionControl.Module] Initializing version control. Enabled:False. 
12/10/2020 10:18:46.688 [VersionControl.Module] Initializing version control complete. 
12/10/2020 10:18:46.984 [Vixen.Sys.State.Execution.OpeningState] Vixen execution engine entering the open state... 
12/10/2020 10:18:47.031 [VixenModules.Output.GenericSerial.Module] Starting retry counter for com port access. Retry count is 1 
12/10/2020 10:18:47.031 [VixenModules.Output.GenericSerial.Module] Starting retry counter for com port access. Retry count is 1 
12/10/2020 10:18:47.047 [Vixen.Sys.State.Execution.OpenState] Vixen execution engine entered the open state. 
12/10/2020 10:18:47.063 [Vixen.Sys.VixenSystem] Vixen System successfully started. 
12/10/2020 10:18:50.227 [VixenApplication.VixenApplication]  Release version 3.7u3 available. 
12/10/2020 10:19:03.940 [VixenApplication.NLogListener] Application.MainWindow is null, cannot subscribe to keyboard events, subscribed to Application.Activated event 
12/10/2020 10:19:07.117 [Vixen.Sys.VixenSystem] Vixen System stopping... 
12/10/2020 10:19:07.117 [Vixen.Sys.State.Execution.ClosingState] Vixen execution engine entering the closing state... 
12/10/2020 10:19:07.164 [Vixen.Sys.State.Execution.ClosedState] Vixen execution engine entered the closed state. 
12/10/2020 10:19:07.217 [Vixen.Sys.VixenSystem] Vixen System successfully stopped. 
12/10/2020 10:19:21.632 [VixenApplication.Program] Vixen app starting. 
12/10/2020 10:19:22.726 [VixenApplication.VixenApplication] Starting JIT Profiler 
12/10/2020 10:19:22.726 [VixenApplication.VixenApplication] Completed JIT Profiler 
12/10/2020 10:19:22.742 [VixenApplication.VixenApplication] Processing Profiles 
12/10/2020 10:19:22.742 [VixenApplication.VixenApplication] Finished Processing Profiles 
12/10/2020 10:19:22.757 [VixenApplication.VixenApplication] Release 3.6u3 - Build #927 
12/10/2020 10:19:22.929 [VixenApplication.VixenApplication] .NET Runtime is: 4.8.4250.0 
12/10/2020 10:19:22.961 [Vixen.Sys.VixenSystem] Vixen System starting up... 
12/10/2020 10:19:24.945 [VersionControl.Module] Initializing version control. Enabled:False. 
12/10/2020 10:19:24.945 [VersionControl.Module] Initializing version control complete. 
12/10/2020 10:19:25.226 [Vixen.Sys.State.Execution.OpeningState] Vixen execution engine entering the open state... 
12/10/2020 10:19:25.273 [VixenModules.Output.GenericSerial.Module] Starting retry counter for com port access. Retry count is 1 
12/10/2020 10:19:25.273 [Vixen.Sys.State.Execution.OpenState] Vixen execution engine entered the open state. 
12/10/2020 10:19:25.273 [Vixen.Sys.VixenSystem] Vixen System successfully started. 
12/10/2020 10:19:27.007 [VixenApplication.VixenApplication]  Release version 3.7u3 available. 
12/10/2020 10:21:12.170 [VixenApplication.NLogListener] Application.MainWindow is null, cannot subscribe to keyboard events, subscribed to Application.Activated event 
12/10/2020 10:21:25.291 [VixenModules.Output.GenericSerial.Module] Attempting to start serial controller. 
12/10/2020 10:21:25.291 [VixenModules.Output.GenericSerial.Module] Starting retry counter for com port access. Retry count is 2 
12/10/2020 10:23:25.304 [VixenModules.Output.GenericSerial.Module] Attempting to start serial controller. 
12/10/2020 10:23:25.337 [VixenModules.Output.GenericSerial.Module] Starting retry counter for com port access. Retry count is 3 
12/10/2020 10:25:25.318 [VixenModules.Output.GenericSerial.Module] Attempting to start serial controller. 
12/10/2020 10:25:25.318 [VixenModules.Output.GenericSerial.Module] Retry counter for com port access has exceeded max tries.  Controller has been stopped. 
12/10/2020 13:12:55.952 [Vixen.Sys.VixenSystem] Vixen System stopping... 
12/10/2020 13:12:55.964 [Vixen.Sys.State.Execution.ClosingState] Vixen execution engine entering the closing state... 
12/10/2020 13:12:56.037 [Vixen.Sys.State.Execution.ClosedState] Vixen execution engine entered the closed state. 
12/10/2020 13:12:56.107 [Vixen.Sys.VixenSystem] Vixen System successfully stopped. 
12/10/2020 16:34:33.292 [VixenApplication.Program] Vixen app starting. 
12/10/2020 16:34:39.120 [VixenApplication.VixenApplication] Starting JIT Profiler 
12/10/2020 16:34:39.120 [VixenApplication.VixenApplication] Completed JIT Profiler 
12/10/2020 16:34:39.136 [VixenApplication.VixenApplication] Processing Profiles 
12/10/2020 16:34:39.136 [VixenApplication.VixenApplication] Finished Processing Profiles 
12/10/2020 16:34:39.183 [VixenApplication.VixenApplication] Release 3.6u3 - Build #927 
12/10/2020 16:34:39.402 [VixenApplication.VixenApplication] .NET Runtime is: 4.8.4250.0 
12/10/2020 16:34:39.464 [Vixen.Sys.VixenSystem] Vixen System starting up... 
12/10/2020 16:34:42.667 [VersionControl.Module] Initializing version control. Enabled:False. 
12/10/2020 16:34:42.667 [VersionControl.Module] Initializing version control complete. 
12/10/2020 16:34:43.089 [Vixen.Sys.State.Execution.OpeningState] Vixen execution engine entering the open state... 
12/10/2020 16:34:43.151 [VixenModules.Output.GenericSerial.Module] Starting retry counter for com port access. Retry count is 1 
12/10/2020 16:34:43.167 [Vixen.Sys.State.Execution.OpenState] Vixen execution engine entered the open state. 
12/10/2020 16:34:43.167 [Vixen.Sys.VixenSystem] Vixen System successfully started. 
12/10/2020 16:34:51.512 [VixenApplication.VixenApplication]  Release version 3.7u3 available. 
12/10/2020 16:36:43.154 [VixenModules.Output.GenericSerial.Module] Attempting to start serial controller. 
12/10/2020 16:36:43.184 [VixenModules.Output.GenericSerial.Module] Starting retry counter for com port access. Retry count is 2 
12/10/2020 16:38:43.173 [VixenModules.Output.GenericSerial.Module] Attempting to start serial controller. 
12/10/2020 16:38:43.178 [VixenModules.Output.GenericSerial.Module] Starting retry counter for com port access. Retry count is 3 
12/10/2020 16:40:43.181 [VixenModules.Output.GenericSerial.Module] Attempting to start serial controller. 
12/10/2020 16:40:43.181 [VixenModules.Output.GenericSerial.Module] Retry counter for com port access has exceeded max tries.  Controller has been stopped. 
12/10/2020 17:37:05.796 [VixenApplication.NLogListener] Application.MainWindow is null, cannot subscribe to keyboard events, subscribed to Application.Activated event 
12/10/2020 17:37:13.580 [Vixen.Sys.VixenSystem] Vixen System stopping... 
12/10/2020 17:37:13.595 [Vixen.Sys.State.Execution.ClosingState] Vixen execution engine entering the closing state... 
12/10/2020 17:37:13.680 [Vixen.Sys.State.Execution.ClosedState] Vixen execution engine entered the closed state. 
12/10/2020 17:37:13.727 [Vixen.Sys.VixenSystem] Vixen System successfully stopped. 
12/10/2020 18:16:32.002 [VixenApplication.Program] Vixen app starting. 
12/10/2020 18:16:33.627 [VixenApplication.VixenApplication] Starting JIT Profiler 
12/10/2020 18:16:33.627 [VixenApplication.VixenApplication] Completed JIT Profiler 
12/10/2020 18:16:33.643 [VixenApplication.VixenApplication] Processing Profiles 
12/10/2020 18:16:33.643 [VixenApplication.VixenApplication] Finished Processing Profiles 
12/10/2020 18:16:33.674 [VixenApplication.VixenApplication] Release 3.6u3 - Build #927 
12/10/2020 18:16:33.830 [VixenApplication.VixenApplication] .NET Runtime is: 4.8.4250.0 
12/10/2020 18:16:33.862 [Vixen.Sys.VixenSystem] Vixen System starting up... 
12/10/2020 18:16:36.002 [VersionControl.Module] Initializing version control. Enabled:False. 
12/10/2020 18:16:36.002 [VersionControl.Module] Initializing version control complete. 
12/10/2020 18:16:36.299 [Vixen.Sys.State.Execution.OpeningState] Vixen execution engine entering the open state... 
12/10/2020 18:16:36.346 [VixenModules.Output.GenericSerial.Module] Starting retry counter for com port access. Retry count is 1 
12/10/2020 18:16:36.346 [Vixen.Sys.State.Execution.OpenState] Vixen execution engine entered the open state. 
12/10/2020 18:16:36.346 [Vixen.Sys.VixenSystem] Vixen System successfully started. 
12/10/2020 18:16:38.085 [VixenApplication.VixenApplication]  Release version 3.7u3 available. 
12/10/2020 18:18:36.353 [VixenModules.Output.GenericSerial.Module] Attempting to start serial controller. 
12/10/2020 18:18:36.353 [VixenModules.Output.GenericSerial.Module] Starting retry counter for com port access. Retry count is 2 
12/10/2020 18:20:36.367 [VixenModules.Output.GenericSerial.Module] Attempting to start serial controller. 
12/10/2020 18:20:36.367 [VixenModules.Output.GenericSerial.Module] Starting retry counter for com port access. Retry count is 3 
12/10/2020 18:22:36.386 [VixenModules.Output.GenericSerial.Module] Attempting to start serial controller. 
12/10/2020 18:22:36.386 [VixenModules.Output.GenericSerial.Module] Retry counter for com port access has exceeded max tries.  Controller has been stopped. 
12/10/2020 19:16:24.209 [VixenApplication.NLogListener] Application.MainWindow is null, cannot subscribe to keyboard events, subscribed to Application.Activated event 
12/10/2020 19:16:31.789 [Vixen.Sys.VixenSystem] Vixen System stopping... 
12/10/2020 19:16:31.809 [Vixen.Sys.State.Execution.ClosingState] Vixen execution engine entering the closing state... 
12/10/2020 19:16:31.909 [Vixen.Sys.State.Execution.ClosedState] Vixen execution engine entered the closed state. 
12/10/2020 19:16:31.959 [Vixen.Sys.VixenSystem] Vixen System successfully stopped. 
