12/09/2020 15:50:42.291 [VixenApplication.Program] Vixen app starting. 
12/09/2020 15:50:43.447 [VixenApplication.VixenApplication] Starting JIT Profiler 
12/09/2020 15:50:43.494 [VixenApplication.VixenApplication] Completed JIT Profiler 
12/09/2020 15:50:43.494 [VixenApplication.VixenApplication] Processing Profiles 
12/09/2020 15:50:43.525 [VixenApplication.VixenApplication] Finished Processing Profiles 
12/09/2020 15:50:43.541 [VixenApplication.VixenApplication] Release 3.6u3 - Build #927 
12/09/2020 15:50:43.697 [VixenApplication.VixenApplication] .NET Runtime is: 4.8.4250.0 
12/09/2020 15:50:43.744 [Vixen.Sys.VixenSystem] Vixen System starting up... 
12/09/2020 15:50:45.837 [VersionControl.Module] Initializing version control. Enabled:False. 
12/09/2020 15:50:45.837 [VersionControl.Module] Initializing version control complete. 
12/09/2020 15:50:46.119 [Vixen.Sys.State.Execution.OpeningState] Vixen execution engine entering the open state... 
12/09/2020 15:50:46.228 [VixenModules.Output.GenericSerial.Module] Starting retry counter for com port access. Retry count is 1 
12/09/2020 15:50:46.245 [Vixen.Sys.State.Execution.OpenState] Vixen execution engine entered the open state. 
12/09/2020 15:50:46.260 [Vixen.Sys.VixenSystem] Vixen System successfully started. 
12/09/2020 15:50:47.965 [VixenApplication.VixenApplication]  Release version 3.7u3 available. 
12/09/2020 15:51:15.499 [VixenApplication.NLogListener] Application.MainWindow is null, cannot subscribe to keyboard events, subscribed to Application.Activated event 
12/09/2020 15:52:46.230 [VixenModules.Output.GenericSerial.Module] Attempting to start serial controller. 
12/09/2020 15:52:46.230 [VixenModules.Output.GenericSerial.Module] Starting retry counter for com port access. Retry count is 2 
12/09/2020 15:53:01.090 [Vixen.Sys.VixenSystem] Saving System Config. 
12/09/2020 15:53:01.109 [Vixen.Sys.VixenSystem] Saving Module Config. 
12/09/2020 15:53:01.220 [Vixen.Sys.VixenSystem] System Config saved. 
12/09/2020 15:53:01.334 [Vixen.Sys.VixenSystem] Module Config saved. 
12/09/2020 15:54:46.248 [VixenModules.Output.GenericSerial.Module] Attempting to start serial controller. 
12/09/2020 15:54:46.259 [VixenModules.Output.GenericSerial.Module] Starting retry counter for com port access. Retry count is 3 
12/09/2020 15:56:46.267 [VixenModules.Output.GenericSerial.Module] Attempting to start serial controller. 
12/09/2020 15:56:46.272 [VixenModules.Output.GenericSerial.Module] Retry counter for com port access has exceeded max tries.  Controller has been stopped. 
12/09/2020 18:38:12.771 [Vixen.Sys.VixenSystem] Vixen System stopping... 
12/09/2020 18:38:12.771 [Vixen.Sys.State.Execution.ClosingState] Vixen execution engine entering the closing state... 
12/09/2020 18:38:12.871 [Vixen.Sys.State.Execution.ClosedState] Vixen execution engine entered the closed state. 
12/09/2020 18:38:12.996 [Vixen.Sys.VixenSystem] Vixen System successfully stopped. 
12/09/2020 19:34:18.254 [VixenApplication.Program] Vixen app starting. 
12/09/2020 19:34:19.754 [VixenApplication.VixenApplication] Starting JIT Profiler 
12/09/2020 19:34:19.770 [VixenApplication.VixenApplication] Completed JIT Profiler 
12/09/2020 19:34:19.770 [VixenApplication.VixenApplication] Processing Profiles 
12/09/2020 19:34:19.801 [VixenApplication.VixenApplication] Finished Processing Profiles 
12/09/2020 19:34:19.817 [VixenApplication.VixenApplication] Release 3.6u3 - Build #927 
12/09/2020 19:34:20.082 [VixenApplication.VixenApplication] .NET Runtime is: 4.8.4250.0 
12/09/2020 19:34:20.145 [Vixen.Sys.VixenSystem] Vixen System starting up... 
12/09/2020 19:34:22.832 [VersionControl.Module] Initializing version control. Enabled:False. 
12/09/2020 19:34:22.863 [VersionControl.Module] Initializing version control complete. 
12/09/2020 19:34:23.254 [Vixen.Sys.State.Execution.OpeningState] Vixen execution engine entering the open state... 
12/09/2020 19:34:23.301 [VixenModules.Output.GenericSerial.Module] Starting retry counter for com port access. Retry count is 1 
12/09/2020 19:34:23.332 [Vixen.Sys.State.Execution.OpenState] Vixen execution engine entered the open state. 
12/09/2020 19:34:23.348 [Vixen.Sys.VixenSystem] Vixen System successfully started. 
12/09/2020 19:36:23.320 [VixenModules.Output.GenericSerial.Module] Attempting to start serial controller. 
12/09/2020 19:36:23.320 [VixenModules.Output.GenericSerial.Module] Starting retry counter for com port access. Retry count is 2 
12/09/2020 19:36:47.095 [VixenApplication.NLogListener] Application.MainWindow is null, cannot subscribe to keyboard events, subscribed to Application.Activated event 
12/09/2020 19:38:23.339 [VixenModules.Output.GenericSerial.Module] Attempting to start serial controller. 
12/09/2020 19:38:23.339 [VixenModules.Output.GenericSerial.Module] Starting retry counter for com port access. Retry count is 3 
12/09/2020 19:40:23.347 [VixenModules.Output.GenericSerial.Module] Attempting to start serial controller. 
12/09/2020 19:40:23.374 [VixenModules.Output.GenericSerial.Module] Retry counter for com port access has exceeded max tries.  Controller has been stopped. 
12/09/2020 19:40:27.277 [Vixen.Sys.VixenSystem] Vixen System stopping... 
12/09/2020 19:40:27.287 [Vixen.Sys.State.Execution.ClosingState] Vixen execution engine entering the closing state... 
12/09/2020 19:40:27.347 [Vixen.Sys.State.Execution.ClosedState] Vixen execution engine entered the closed state. 
12/09/2020 19:40:27.427 [Vixen.Sys.VixenSystem] Vixen System successfully stopped. 
