12/12/2020 07:43:43.035 [VixenApplication.Program] Vixen app starting. 
12/12/2020 07:43:46.239 [VixenApplication.VixenApplication] Starting JIT Profiler 
12/12/2020 07:43:46.270 [VixenApplication.VixenApplication] Completed JIT Profiler 
12/12/2020 07:43:46.270 [VixenApplication.VixenApplication] Processing Profiles 
12/12/2020 07:43:46.317 [VixenApplication.VixenApplication] Finished Processing Profiles 
12/12/2020 07:43:46.364 [VixenApplication.VixenApplication] Release 3.6u3 - Build #927 
12/12/2020 07:43:46.645 [VixenApplication.VixenApplication] .NET Runtime is: 4.8.4250.0 
12/12/2020 07:43:46.723 [Vixen.Sys.VixenSystem] Vixen System starting up... 
12/12/2020 07:43:50.192 [VersionControl.Module] Initializing version control. Enabled:False. 
12/12/2020 07:43:50.207 [VersionControl.Module] Initializing version control complete. 
12/12/2020 07:43:50.629 [Vixen.Sys.State.Execution.OpeningState] Vixen execution engine entering the open state... 
12/12/2020 07:43:50.778 [VixenModules.Output.GenericSerial.Module] Starting retry counter for com port access. Retry count is 1 
12/12/2020 07:43:50.793 [Vixen.Sys.State.Execution.OpenState] Vixen execution engine entered the open state. 
12/12/2020 07:43:50.809 [Vixen.Sys.VixenSystem] Vixen System successfully started. 
12/12/2020 07:43:52.744 [VixenApplication.VixenApplication]  Release version 3.7u3 available. 
12/12/2020 07:45:50.798 [VixenModules.Output.GenericSerial.Module] Attempting to start serial controller. 
12/12/2020 07:45:50.808 [VixenModules.Output.GenericSerial.Module] Starting retry counter for com port access. Retry count is 2 
12/12/2020 07:47:50.807 [VixenModules.Output.GenericSerial.Module] Attempting to start serial controller. 
12/12/2020 07:47:50.827 [VixenModules.Output.GenericSerial.Module] Starting retry counter for com port access. Retry count is 3 
12/12/2020 07:49:50.825 [VixenModules.Output.GenericSerial.Module] Attempting to start serial controller. 
12/12/2020 07:49:50.835 [VixenModules.Output.GenericSerial.Module] Retry counter for com port access has exceeded max tries.  Controller has been stopped. 
12/12/2020 08:15:58.238 [VixenApplication.NLogListener] Application.MainWindow is null, cannot subscribe to keyboard events, subscribed to Application.Activated event 
12/12/2020 08:59:37.388 [Vixen.Sys.VixenSystem] Vixen System stopping... 
12/12/2020 08:59:37.398 [Vixen.Sys.State.Execution.ClosingState] Vixen execution engine entering the closing state... 
12/12/2020 08:59:37.515 [Vixen.Sys.State.Execution.ClosedState] Vixen execution engine entered the closed state. 
12/12/2020 08:59:37.643 [Vixen.Sys.VixenSystem] Vixen System successfully stopped. 
12/12/2020 09:49:52.023 [VixenApplication.Program] Vixen app starting. 
12/12/2020 09:49:53.570 [VixenApplication.VixenApplication] Starting JIT Profiler 
12/12/2020 09:49:53.586 [VixenApplication.VixenApplication] Completed JIT Profiler 
12/12/2020 09:49:53.586 [VixenApplication.VixenApplication] Processing Profiles 
12/12/2020 09:49:53.601 [VixenApplication.VixenApplication] Finished Processing Profiles 
12/12/2020 09:49:53.617 [VixenApplication.VixenApplication] Release 3.6u3 - Build #927 
12/12/2020 09:49:53.804 [VixenApplication.VixenApplication] .NET Runtime is: 4.8.4250.0 
12/12/2020 09:49:53.851 [Vixen.Sys.VixenSystem] Vixen System starting up... 
12/12/2020 09:49:56.164 [VersionControl.Module] Initializing version control. Enabled:False. 
12/12/2020 09:49:56.179 [VersionControl.Module] Initializing version control complete. 
12/12/2020 09:49:56.539 [Vixen.Sys.State.Execution.OpeningState] Vixen execution engine entering the open state... 
12/12/2020 09:49:56.601 [VixenModules.Output.GenericSerial.Module] Starting retry counter for com port access. Retry count is 1 
12/12/2020 09:49:56.601 [Vixen.Sys.State.Execution.OpenState] Vixen execution engine entered the open state. 
12/12/2020 09:49:56.617 [Vixen.Sys.VixenSystem] Vixen System successfully started. 
12/12/2020 09:49:58.327 [VixenApplication.VixenApplication]  Release version 3.7u3 available. 
12/12/2020 09:51:56.600 [VixenModules.Output.GenericSerial.Module] Attempting to start serial controller. 
12/12/2020 09:51:56.600 [VixenModules.Output.GenericSerial.Module] Starting retry counter for com port access. Retry count is 2 
12/12/2020 09:53:56.614 [VixenModules.Output.GenericSerial.Module] Attempting to start serial controller. 
12/12/2020 09:53:56.648 [VixenModules.Output.GenericSerial.Module] Starting retry counter for com port access. Retry count is 3 
12/12/2020 09:55:56.632 [VixenModules.Output.GenericSerial.Module] Attempting to start serial controller. 
12/12/2020 09:55:56.632 [VixenModules.Output.GenericSerial.Module] Retry counter for com port access has exceeded max tries.  Controller has been stopped. 
12/12/2020 12:33:35.861 [VixenApplication.NLogListener] Application.MainWindow is null, cannot subscribe to keyboard events, subscribed to Application.Activated event 
12/12/2020 12:33:49.386 [Vixen.Sys.VixenSystem] Vixen System stopping... 
12/12/2020 12:33:49.386 [Vixen.Sys.State.Execution.ClosingState] Vixen execution engine entering the closing state... 
12/12/2020 12:33:49.471 [Vixen.Sys.State.Execution.ClosedState] Vixen execution engine entered the closed state. 
12/12/2020 12:33:49.571 [Vixen.Sys.VixenSystem] Vixen System successfully stopped. 
12/12/2020 16:52:29.677 [VixenApplication.Program] Vixen app starting. 
12/12/2020 16:52:31.286 [VixenApplication.VixenApplication] Starting JIT Profiler 
12/12/2020 16:52:31.302 [VixenApplication.VixenApplication] Completed JIT Profiler 
12/12/2020 16:52:31.317 [VixenApplication.VixenApplication] Processing Profiles 
12/12/2020 16:52:31.333 [VixenApplication.VixenApplication] Finished Processing Profiles 
12/12/2020 16:52:31.380 [VixenApplication.VixenApplication] Release 3.6u3 - Build #927 
12/12/2020 16:52:31.614 [VixenApplication.VixenApplication] .NET Runtime is: 4.8.4250.0 
12/12/2020 16:52:31.677 [Vixen.Sys.VixenSystem] Vixen System starting up... 
12/12/2020 16:52:34.848 [VersionControl.Module] Initializing version control. Enabled:False. 
12/12/2020 16:52:34.848 [VersionControl.Module] Initializing version control complete. 
12/12/2020 16:52:38.973 [Vixen.Sys.State.Execution.OpeningState] Vixen execution engine entering the open state... 
12/12/2020 16:52:39.051 [VixenModules.Output.GenericSerial.Module] Starting retry counter for com port access. Retry count is 1 
12/12/2020 16:52:39.051 [Vixen.Sys.State.Execution.OpenState] Vixen execution engine entered the open state. 
12/12/2020 16:52:39.051 [Vixen.Sys.VixenSystem] Vixen System successfully started. 
12/12/2020 16:52:41.347 [VixenApplication.VixenApplication]  Release version 3.7u3 available. 
12/12/2020 16:54:39.063 [VixenModules.Output.GenericSerial.Module] Attempting to start serial controller. 
12/12/2020 16:54:39.068 [VixenModules.Output.GenericSerial.Module] Starting retry counter for com port access. Retry count is 2 
12/12/2020 16:56:39.071 [VixenModules.Output.GenericSerial.Module] Attempting to start serial controller. 
12/12/2020 16:56:39.071 [VixenModules.Output.GenericSerial.Module] Starting retry counter for com port access. Retry count is 3 
12/12/2020 16:58:39.090 [VixenModules.Output.GenericSerial.Module] Attempting to start serial controller. 
12/12/2020 16:58:39.100 [VixenModules.Output.GenericSerial.Module] Retry counter for com port access has exceeded max tries.  Controller has been stopped. 
12/12/2020 17:32:57.857 [VixenApplication.NLogListener] Application.MainWindow is null, cannot subscribe to keyboard events, subscribed to Application.Activated event 
12/12/2020 17:33:51.901 [Vixen.Sys.VixenSystem] Vixen System stopping... 
12/12/2020 17:33:51.901 [Vixen.Sys.State.Execution.ClosingState] Vixen execution engine entering the closing state... 
12/12/2020 17:33:51.976 [Vixen.Sys.State.Execution.ClosedState] Vixen execution engine entered the closed state. 
12/12/2020 17:33:52.036 [Vixen.Sys.VixenSystem] Vixen System successfully stopped. 
12/12/2020 17:41:29.823 [VixenApplication.Program] Vixen app starting. 
12/12/2020 17:41:30.932 [VixenApplication.VixenApplication] Starting JIT Profiler 
12/12/2020 17:41:30.948 [VixenApplication.VixenApplication] Completed JIT Profiler 
12/12/2020 17:41:30.948 [VixenApplication.VixenApplication] Processing Profiles 
12/12/2020 17:41:30.964 [VixenApplication.VixenApplication] Finished Processing Profiles 
12/12/2020 17:41:30.979 [VixenApplication.VixenApplication] Release 3.6u3 - Build #927 
12/12/2020 17:41:31.151 [VixenApplication.VixenApplication] .NET Runtime is: 4.8.4250.0 
12/12/2020 17:41:31.198 [Vixen.Sys.VixenSystem] Vixen System starting up... 
12/12/2020 17:41:33.229 [VersionControl.Module] Initializing version control. Enabled:False. 
12/12/2020 17:41:33.229 [VersionControl.Module] Initializing version control complete. 
12/12/2020 17:41:33.479 [Vixen.Sys.State.Execution.OpeningState] Vixen execution engine entering the open state... 
12/12/2020 17:41:33.526 [VixenModules.Output.GenericSerial.Module] Starting retry counter for com port access. Retry count is 1 
12/12/2020 17:41:33.526 [Vixen.Sys.State.Execution.OpenState] Vixen execution engine entered the open state. 
12/12/2020 17:41:33.526 [Vixen.Sys.VixenSystem] Vixen System successfully started. 
12/12/2020 17:41:38.174 [VixenApplication.VixenApplication]  Release version 3.7u3 available. 
12/12/2020 17:42:43.337 [VixenApplication.NLogListener] Application.MainWindow is null, cannot subscribe to keyboard events, subscribed to Application.Activated event 
12/12/2020 17:42:57.112 [VixenApplication.Program] Vixen app starting. 
12/12/2020 17:42:58.159 [VixenApplication.VixenApplication] Starting JIT Profiler 
12/12/2020 17:42:58.174 [VixenApplication.VixenApplication] Completed JIT Profiler 
12/12/2020 17:42:58.174 [VixenApplication.VixenApplication] Processing Profiles 
12/12/2020 17:42:58.190 [VixenApplication.VixenApplication] Finished Processing Profiles 
12/12/2020 17:42:58.206 [VixenApplication.VixenApplication] Release 3.6u3 - Build #927 
12/12/2020 17:42:58.362 [VixenApplication.VixenApplication] .NET Runtime is: 4.8.4250.0 
12/12/2020 17:42:58.409 [Vixen.Sys.VixenSystem] Vixen System starting up... 
12/12/2020 17:43:00.471 [VersionControl.Module] Initializing version control. Enabled:False. 
12/12/2020 17:43:00.471 [VersionControl.Module] Initializing version control complete. 
12/12/2020 17:43:00.721 [Vixen.Sys.State.Execution.OpeningState] Vixen execution engine entering the open state... 
12/12/2020 17:43:00.768 [VixenModules.Output.GenericSerial.Module] Starting retry counter for com port access. Retry count is 1 
12/12/2020 17:43:00.784 [Vixen.Sys.State.Execution.OpenState] Vixen execution engine entered the open state. 
12/12/2020 17:43:00.784 [Vixen.Sys.VixenSystem] Vixen System successfully started. 
12/12/2020 17:45:00.775 [VixenModules.Output.GenericSerial.Module] Attempting to start serial controller. 
12/12/2020 17:45:00.806 [VixenModules.Output.GenericSerial.Module] Starting retry counter for com port access. Retry count is 2 
12/12/2020 17:46:12.907 [VixenApplication.NLogListener] Application.MainWindow is null, cannot subscribe to keyboard events, subscribed to Application.Activated event 
12/12/2020 17:46:39.051 [Vixen.Sys.VixenSystem] Vixen System stopping... 
12/12/2020 17:46:39.073 [Vixen.Sys.State.Execution.ClosingState] Vixen execution engine entering the closing state... 
12/12/2020 17:46:39.147 [Vixen.Sys.State.Execution.ClosedState] Vixen execution engine entered the closed state. 
12/12/2020 17:46:39.220 [Vixen.Sys.VixenSystem] Vixen System successfully stopped. 
12/12/2020 17:46:42.306 [VixenApplication.Program] Vixen app starting. 
12/12/2020 17:46:43.415 [VixenApplication.VixenApplication] Starting JIT Profiler 
12/12/2020 17:46:43.431 [VixenApplication.VixenApplication] Completed JIT Profiler 
12/12/2020 17:46:43.431 [VixenApplication.VixenApplication] Processing Profiles 
12/12/2020 17:46:43.447 [VixenApplication.VixenApplication] Finished Processing Profiles 
12/12/2020 17:46:43.462 [VixenApplication.VixenApplication] Release 3.6u3 - Build #927 
12/12/2020 17:46:43.618 [VixenApplication.VixenApplication] .NET Runtime is: 4.8.4250.0 
12/12/2020 17:46:43.665 [Vixen.Sys.VixenSystem] Vixen System starting up... 
12/12/2020 17:46:45.837 [VersionControl.Module] Initializing version control. Enabled:False. 
12/12/2020 17:46:45.853 [VersionControl.Module] Initializing version control complete. 
12/12/2020 17:46:46.165 [Vixen.Sys.State.Execution.OpeningState] Vixen execution engine entering the open state... 
12/12/2020 17:46:46.212 [VixenModules.Output.GenericSerial.Module] Starting retry counter for com port access. Retry count is 1 
12/12/2020 17:46:46.212 [Vixen.Sys.State.Execution.OpenState] Vixen execution engine entered the open state. 
12/12/2020 17:46:46.212 [Vixen.Sys.VixenSystem] Vixen System successfully started. 
12/12/2020 17:46:48.049 [VixenApplication.VixenApplication]  Release version 3.7u3 available. 
12/12/2020 17:47:46.191 [VixenApplication.NLogListener] Application.MainWindow is null, cannot subscribe to keyboard events, subscribed to Application.Activated event 
12/12/2020 17:48:04.331 [Vixen.Sys.VixenSystem] Vixen System stopping... 
12/12/2020 17:48:04.341 [Vixen.Sys.State.Execution.ClosingState] Vixen execution engine entering the closing state... 
12/12/2020 17:48:04.431 [Vixen.Sys.State.Execution.ClosedState] Vixen execution engine entered the closed state. 
12/12/2020 17:48:04.481 [Vixen.Sys.VixenSystem] Vixen System successfully stopped. 
12/12/2020 19:51:25.945 [VixenApplication.Program] Vixen app starting. 
12/12/2020 19:51:27.413 [VixenApplication.VixenApplication] Starting JIT Profiler 
12/12/2020 19:51:27.429 [VixenApplication.VixenApplication] Completed JIT Profiler 
12/12/2020 19:51:27.429 [VixenApplication.VixenApplication] Processing Profiles 
12/12/2020 19:51:27.460 [VixenApplication.VixenApplication] Finished Processing Profiles 
12/12/2020 19:51:27.476 [VixenApplication.VixenApplication] Release 3.6u3 - Build #927 
12/12/2020 19:51:27.663 [VixenApplication.VixenApplication] .NET Runtime is: 4.8.4250.0 
12/12/2020 19:51:27.710 [Vixen.Sys.VixenSystem] Vixen System starting up... 
12/12/2020 19:51:30.007 [VersionControl.Module] Initializing version control. Enabled:False. 
12/12/2020 19:51:30.007 [VersionControl.Module] Initializing version control complete. 
12/12/2020 19:51:30.351 [Vixen.Sys.State.Execution.OpeningState] Vixen execution engine entering the open state... 
12/12/2020 19:51:30.429 [VixenModules.Output.GenericSerial.Module] Starting retry counter for com port access. Retry count is 1 
12/12/2020 19:51:30.429 [Vixen.Sys.State.Execution.OpenState] Vixen execution engine entered the open state. 
12/12/2020 19:51:30.444 [Vixen.Sys.VixenSystem] Vixen System successfully started. 
12/12/2020 19:51:32.140 [VixenApplication.VixenApplication]  Release version 3.7u3 available. 
12/12/2020 19:53:30.433 [VixenModules.Output.GenericSerial.Module] Attempting to start serial controller. 
12/12/2020 19:53:30.433 [VixenModules.Output.GenericSerial.Module] Starting retry counter for com port access. Retry count is 2 
12/12/2020 19:54:01.861 [VixenApplication.NLogListener] Application.MainWindow is null, cannot subscribe to keyboard events, subscribed to Application.Activated event 
12/12/2020 19:54:04.838 [Vixen.Sys.VixenSystem] Vixen System stopping... 
12/12/2020 19:54:04.838 [Vixen.Sys.State.Execution.ClosingState] Vixen execution engine entering the closing state... 
12/12/2020 19:54:04.954 [Vixen.Sys.State.Execution.ClosedState] Vixen execution engine entered the closed state. 
12/12/2020 19:54:05.016 [Vixen.Sys.VixenSystem] Vixen System successfully stopped. 
