12/20/2020 10:08:06.851 [VixenApplication.Program] Vixen app starting. 
12/20/2020 10:08:08.351 [VixenApplication.VixenApplication] Starting JIT Profiler 
12/20/2020 10:08:08.351 [VixenApplication.VixenApplication] Completed JIT Profiler 
12/20/2020 10:08:08.351 [VixenApplication.VixenApplication] Processing Profiles 
12/20/2020 10:08:08.367 [VixenApplication.VixenApplication] Finished Processing Profiles 
12/20/2020 10:08:08.398 [VixenApplication.VixenApplication] Release 3.6u3 - Build #927 
12/20/2020 10:08:08.570 [VixenApplication.VixenApplication] .NET Runtime is: 4.8.4250.0 
12/20/2020 10:08:08.617 [Vixen.Sys.VixenSystem] Vixen System starting up... 
12/20/2020 10:08:11.023 [VersionControl.Module] Initializing version control. Enabled:False. 
12/20/2020 10:08:11.023 [VersionControl.Module] Initializing version control complete. 
12/20/2020 10:08:11.366 [Vixen.Sys.State.Execution.OpeningState] Vixen execution engine entering the open state... 
12/20/2020 10:08:11.445 [VixenModules.Output.GenericSerial.Module] Starting retry counter for com port access. Retry count is 1 
12/20/2020 10:08:11.460 [Vixen.Sys.State.Execution.OpenState] Vixen execution engine entered the open state. 
12/20/2020 10:08:11.460 [Vixen.Sys.VixenSystem] Vixen System successfully started. 
12/20/2020 10:08:13.146 [VixenApplication.VixenApplication]  Release version 3.7u3 available. 
12/20/2020 10:10:11.453 [VixenModules.Output.GenericSerial.Module] Attempting to start serial controller. 
12/20/2020 10:10:11.453 [VixenModules.Output.GenericSerial.Module] Starting retry counter for com port access. Retry count is 2 
12/20/2020 10:12:11.477 [VixenModules.Output.GenericSerial.Module] Attempting to start serial controller. 
12/20/2020 10:12:11.477 [VixenModules.Output.GenericSerial.Module] Starting retry counter for com port access. Retry count is 3 
12/20/2020 10:14:11.490 [VixenModules.Output.GenericSerial.Module] Attempting to start serial controller. 
12/20/2020 10:14:11.510 [VixenModules.Output.GenericSerial.Module] Retry counter for com port access has exceeded max tries.  Controller has been stopped. 
12/20/2020 10:24:19.774 [VixenApplication.NLogListener] Application.MainWindow is null, cannot subscribe to keyboard events, subscribed to Application.Activated event 
12/20/2020 10:24:26.554 [Vixen.Sys.VixenSystem] Vixen System stopping... 
12/20/2020 10:24:26.554 [Vixen.Sys.State.Execution.ClosingState] Vixen execution engine entering the closing state... 
12/20/2020 10:24:26.680 [Vixen.Sys.State.Execution.ClosedState] Vixen execution engine entered the closed state. 
12/20/2020 10:24:26.774 [Vixen.Sys.VixenSystem] Vixen System successfully stopped. 
