12/25/2020 00:31:24.504 [VixenApplication.NLogListener] Application.MainWindow is null, cannot subscribe to keyboard events, subscribed to Application.Activated event 
12/25/2020 02:04:23.026 [Vixen.Sys.VixenSystem] Vixen System stopping... 
12/25/2020 02:04:23.041 [Vixen.Sys.State.Execution.ClosingState] Vixen execution engine entering the closing state... 
12/25/2020 02:04:23.086 [Vixen.Sys.State.Execution.ClosedState] Vixen execution engine entered the closed state. 
12/25/2020 02:04:23.136 [Vixen.Sys.VixenSystem] Vixen System successfully stopped. 
12/25/2020 05:28:42.240 [VixenApplication.Program] Vixen app starting. 
12/25/2020 05:28:43.631 [VixenApplication.VixenApplication] Starting JIT Profiler 
12/25/2020 05:28:43.646 [VixenApplication.VixenApplication] Completed JIT Profiler 
12/25/2020 05:28:43.646 [VixenApplication.VixenApplication] Processing Profiles 
12/25/2020 05:28:43.662 [VixenApplication.VixenApplication] Finished Processing Profiles 
12/25/2020 05:28:43.693 [VixenApplication.VixenApplication] Release 3.6u3 - Build #927 
12/25/2020 05:28:43.865 [VixenApplication.VixenApplication] .NET Runtime is: 4.8.4250.0 
12/25/2020 05:28:43.927 [Vixen.Sys.VixenSystem] Vixen System starting up... 
12/25/2020 05:28:49.849 [VersionControl.Module] Initializing version control. Enabled:False. 
12/25/2020 05:28:49.849 [VersionControl.Module] Initializing version control complete. 
12/25/2020 05:28:50.224 [Vixen.Sys.State.Execution.OpeningState] Vixen execution engine entering the open state... 
12/25/2020 05:28:50.287 [VixenModules.Output.GenericSerial.Module] Starting retry counter for com port access. Retry count is 1 
12/25/2020 05:28:50.287 [Vixen.Sys.State.Execution.OpenState] Vixen execution engine entered the open state. 
12/25/2020 05:28:50.287 [Vixen.Sys.VixenSystem] Vixen System successfully started. 
12/25/2020 05:30:50.294 [VixenModules.Output.GenericSerial.Module] Attempting to start serial controller. 
12/25/2020 05:30:50.304 [VixenModules.Output.GenericSerial.Module] Starting retry counter for com port access. Retry count is 2 
12/25/2020 05:32:50.313 [VixenModules.Output.GenericSerial.Module] Attempting to start serial controller. 
12/25/2020 05:32:50.352 [VixenModules.Output.GenericSerial.Module] Starting retry counter for com port access. Retry count is 3 
12/25/2020 05:34:50.326 [VixenModules.Output.GenericSerial.Module] Attempting to start serial controller. 
12/25/2020 05:34:50.351 [VixenModules.Output.GenericSerial.Module] Retry counter for com port access has exceeded max tries.  Controller has been stopped. 
12/25/2020 05:54:27.827 [VixenApplication.NLogListener] Application.MainWindow is null, cannot subscribe to keyboard events, subscribed to Application.Activated event 
12/25/2020 06:06:13.438 [Vixen.Sys.VixenSystem] Vixen System stopping... 
12/25/2020 06:06:13.448 [Vixen.Sys.State.Execution.ClosingState] Vixen execution engine entering the closing state... 
12/25/2020 06:06:13.558 [Vixen.Sys.State.Execution.ClosedState] Vixen execution engine entered the closed state. 
12/25/2020 06:06:13.623 [Vixen.Sys.VixenSystem] Vixen System successfully stopped. 
12/25/2020 18:23:54.752 [VixenApplication.Program] Vixen app starting. 
12/25/2020 18:23:56.424 [VixenApplication.VixenApplication] Starting JIT Profiler 
12/25/2020 18:23:56.424 [VixenApplication.VixenApplication] Completed JIT Profiler 
12/25/2020 18:23:56.439 [VixenApplication.VixenApplication] Processing Profiles 
12/25/2020 18:23:56.439 [VixenApplication.VixenApplication] Finished Processing Profiles 
12/25/2020 18:23:56.471 [VixenApplication.VixenApplication] Release 3.6u3 - Build #927 
12/25/2020 18:23:56.658 [VixenApplication.VixenApplication] .NET Runtime is: 4.8.4250.0 
12/25/2020 18:23:56.705 [Vixen.Sys.VixenSystem] Vixen System starting up... 
12/25/2020 18:23:58.955 [VersionControl.Module] Initializing version control. Enabled:False. 
12/25/2020 18:23:58.955 [VersionControl.Module] Initializing version control complete. 
12/25/2020 18:23:59.314 [Vixen.Sys.State.Execution.OpeningState] Vixen execution engine entering the open state... 
12/25/2020 18:23:59.361 [VixenModules.Output.GenericSerial.Module] Starting retry counter for com port access. Retry count is 1 
12/25/2020 18:23:59.377 [Vixen.Sys.State.Execution.OpenState] Vixen execution engine entered the open state. 
12/25/2020 18:23:59.377 [Vixen.Sys.VixenSystem] Vixen System successfully started. 
12/25/2020 18:25:59.374 [VixenModules.Output.GenericSerial.Module] Attempting to start serial controller. 
12/25/2020 18:25:59.384 [VixenModules.Output.GenericSerial.Module] Starting retry counter for com port access. Retry count is 2 
12/25/2020 18:27:59.378 [VixenModules.Output.GenericSerial.Module] Attempting to start serial controller. 
12/25/2020 18:27:59.383 [VixenModules.Output.GenericSerial.Module] Starting retry counter for com port access. Retry count is 3 
12/25/2020 18:29:59.392 [VixenModules.Output.GenericSerial.Module] Attempting to start serial controller. 
12/25/2020 18:29:59.396 [VixenModules.Output.GenericSerial.Module] Retry counter for com port access has exceeded max tries.  Controller has been stopped. 
12/25/2020 20:14:05.980 [VixenApplication.NLogListener] Application.MainWindow is null, cannot subscribe to keyboard events, subscribed to Application.Activated event 
12/25/2020 22:46:31.724 [Vixen.Sys.VixenSystem] Vixen System stopping... 
12/25/2020 22:46:31.724 [Vixen.Sys.State.Execution.ClosingState] Vixen execution engine entering the closing state... 
12/25/2020 22:46:31.844 [Vixen.Sys.State.Execution.ClosedState] Vixen execution engine entered the closed state. 
12/25/2020 22:46:31.909 [Vixen.Sys.VixenSystem] Vixen System successfully stopped. 
