12/11/2020 09:52:53.881 [VixenApplication.Program] Vixen app starting. 
12/11/2020 09:52:55.303 [VixenApplication.VixenApplication] Starting JIT Profiler 
12/11/2020 09:52:55.303 [VixenApplication.VixenApplication] Completed JIT Profiler 
12/11/2020 09:52:55.319 [VixenApplication.VixenApplication] Processing Profiles 
12/11/2020 09:52:55.334 [VixenApplication.VixenApplication] Finished Processing Profiles 
12/11/2020 09:52:55.350 [VixenApplication.VixenApplication] Release 3.6u3 - Build #927 
12/11/2020 09:52:55.553 [VixenApplication.VixenApplication] .NET Runtime is: 4.8.4250.0 
12/11/2020 09:52:55.631 [Vixen.Sys.VixenSystem] Vixen System starting up... 
12/11/2020 09:52:58.115 [VersionControl.Module] Initializing version control. Enabled:False. 
12/11/2020 09:52:58.115 [VersionControl.Module] Initializing version control complete. 
12/11/2020 09:52:58.443 [Vixen.Sys.State.Execution.OpeningState] Vixen execution engine entering the open state... 
12/11/2020 09:52:58.522 [VixenModules.Output.GenericSerial.Module] Starting retry counter for com port access. Retry count is 1 
12/11/2020 09:52:58.537 [Vixen.Sys.State.Execution.OpenState] Vixen execution engine entered the open state. 
12/11/2020 09:52:58.537 [Vixen.Sys.VixenSystem] Vixen System successfully started. 
12/11/2020 09:53:00.181 [VixenApplication.VixenApplication]  Release version 3.7u3 available. 
12/11/2020 09:54:58.539 [VixenModules.Output.GenericSerial.Module] Attempting to start serial controller. 
12/11/2020 09:54:58.539 [VixenModules.Output.GenericSerial.Module] Starting retry counter for com port access. Retry count is 2 
12/11/2020 09:56:58.558 [VixenModules.Output.GenericSerial.Module] Attempting to start serial controller. 
12/11/2020 09:56:58.558 [VixenModules.Output.GenericSerial.Module] Starting retry counter for com port access. Retry count is 3 
12/11/2020 09:58:58.576 [VixenModules.Output.GenericSerial.Module] Attempting to start serial controller. 
12/11/2020 09:58:58.586 [VixenModules.Output.GenericSerial.Module] Retry counter for com port access has exceeded max tries.  Controller has been stopped. 
12/11/2020 11:34:21.987 [VixenApplication.NLogListener] Application.MainWindow is null, cannot subscribe to keyboard events, subscribed to Application.Activated event 
12/11/2020 11:34:56.081 [Vixen.Sys.VixenSystem] Vixen System stopping... 
12/11/2020 11:34:56.090 [Vixen.Sys.State.Execution.ClosingState] Vixen execution engine entering the closing state... 
12/11/2020 11:34:56.200 [Vixen.Sys.State.Execution.ClosedState] Vixen execution engine entered the closed state. 
12/11/2020 11:34:56.414 [Vixen.Sys.VixenSystem] Vixen System successfully stopped. 
12/11/2020 13:00:13.366 [VixenApplication.Program] Vixen app starting. 
12/11/2020 13:00:14.944 [VixenApplication.VixenApplication] Starting JIT Profiler 
12/11/2020 13:00:14.959 [VixenApplication.VixenApplication] Completed JIT Profiler 
12/11/2020 13:00:14.959 [VixenApplication.VixenApplication] Processing Profiles 
12/11/2020 13:00:14.975 [VixenApplication.VixenApplication] Finished Processing Profiles 
12/11/2020 13:00:15.037 [VixenApplication.VixenApplication] Release 3.6u3 - Build #927 
12/11/2020 13:00:15.209 [VixenApplication.VixenApplication] .NET Runtime is: 4.8.4250.0 
12/11/2020 13:00:15.256 [Vixen.Sys.VixenSystem] Vixen System starting up... 
12/11/2020 13:00:17.615 [VersionControl.Module] Initializing version control. Enabled:False. 
12/11/2020 13:00:17.631 [VersionControl.Module] Initializing version control complete. 
12/11/2020 13:00:17.928 [Vixen.Sys.State.Execution.OpeningState] Vixen execution engine entering the open state... 
12/11/2020 13:00:17.975 [VixenModules.Output.GenericSerial.Module] Starting retry counter for com port access. Retry count is 1 
12/11/2020 13:00:17.975 [Vixen.Sys.State.Execution.OpenState] Vixen execution engine entered the open state. 
12/11/2020 13:00:17.975 [Vixen.Sys.VixenSystem] Vixen System successfully started. 
12/11/2020 13:00:19.594 [VixenApplication.VixenApplication]  Release version 3.7u3 available. 
12/11/2020 13:01:00.524 [VixenApplication.NLogListener] Application.MainWindow is null, cannot subscribe to keyboard events, subscribed to Application.Activated event 
12/11/2020 13:01:04.389 [Vixen.Sys.VixenSystem] Vixen System stopping... 
12/11/2020 13:01:04.404 [Vixen.Sys.State.Execution.ClosingState] Vixen execution engine entering the closing state... 
12/11/2020 13:01:04.499 [Vixen.Sys.State.Execution.ClosedState] Vixen execution engine entered the closed state. 
12/11/2020 13:01:04.554 [Vixen.Sys.VixenSystem] Vixen System successfully stopped. 
12/11/2020 13:01:53.000 [VixenApplication.Program] Vixen app starting. 
12/11/2020 13:01:54.125 [VixenApplication.VixenApplication] Starting JIT Profiler 
12/11/2020 13:01:54.156 [VixenApplication.VixenApplication] Completed JIT Profiler 
12/11/2020 13:01:54.156 [VixenApplication.VixenApplication] Processing Profiles 
12/11/2020 13:01:54.172 [VixenApplication.VixenApplication] Finished Processing Profiles 
12/11/2020 13:01:54.188 [VixenApplication.VixenApplication] Release 3.6u3 - Build #927 
12/11/2020 13:01:54.375 [VixenApplication.VixenApplication] .NET Runtime is: 4.8.4250.0 
12/11/2020 13:01:54.422 [Vixen.Sys.VixenSystem] Vixen System starting up... 
12/11/2020 13:01:56.375 [VersionControl.Module] Initializing version control. Enabled:False. 
12/11/2020 13:01:56.391 [VersionControl.Module] Initializing version control complete. 
12/11/2020 13:01:56.656 [Vixen.Sys.State.Execution.OpeningState] Vixen execution engine entering the open state... 
12/11/2020 13:01:56.734 [VixenModules.Output.GenericSerial.Module] Starting retry counter for com port access. Retry count is 1 
12/11/2020 13:01:56.776 [Vixen.Sys.State.Execution.OpenState] Vixen execution engine entered the open state. 
12/11/2020 13:01:56.776 [Vixen.Sys.VixenSystem] Vixen System successfully started. 
12/11/2020 13:01:58.408 [VixenApplication.VixenApplication]  Release version 3.7u3 available. 
12/11/2020 13:03:56.747 [VixenModules.Output.GenericSerial.Module] Attempting to start serial controller. 
12/11/2020 13:03:56.757 [VixenModules.Output.GenericSerial.Module] Starting retry counter for com port access. Retry count is 2 
12/11/2020 13:05:56.751 [VixenModules.Output.GenericSerial.Module] Attempting to start serial controller. 
12/11/2020 13:05:56.756 [VixenModules.Output.GenericSerial.Module] Starting retry counter for com port access. Retry count is 3 
12/11/2020 13:07:56.755 [VixenModules.Output.GenericSerial.Module] Attempting to start serial controller. 
12/11/2020 13:07:56.755 [VixenModules.Output.GenericSerial.Module] Retry counter for com port access has exceeded max tries.  Controller has been stopped. 
12/11/2020 13:19:35.391 [VixenApplication.NLogListener] Application.MainWindow is null, cannot subscribe to keyboard events, subscribed to Application.Activated event 
12/11/2020 13:19:49.382 [Vixen.Sys.VixenSystem] Vixen System stopping... 
12/11/2020 13:19:49.382 [Vixen.Sys.State.Execution.ClosingState] Vixen execution engine entering the closing state... 
12/11/2020 13:19:49.497 [Vixen.Sys.State.Execution.ClosedState] Vixen execution engine entered the closed state. 
12/11/2020 13:19:49.547 [Vixen.Sys.VixenSystem] Vixen System successfully stopped. 
12/11/2020 15:27:03.191 [VixenApplication.Program] Vixen app starting. 
12/11/2020 15:27:04.878 [VixenApplication.VixenApplication] Starting JIT Profiler 
12/11/2020 15:27:04.894 [VixenApplication.VixenApplication] Completed JIT Profiler 
12/11/2020 15:27:04.909 [VixenApplication.VixenApplication] Processing Profiles 
12/11/2020 15:27:04.909 [VixenApplication.VixenApplication] Finished Processing Profiles 
12/11/2020 15:27:04.941 [VixenApplication.VixenApplication] Release 3.6u3 - Build #927 
12/11/2020 15:27:05.128 [VixenApplication.VixenApplication] .NET Runtime is: 4.8.4250.0 
12/11/2020 15:27:05.175 [Vixen.Sys.VixenSystem] Vixen System starting up... 
12/11/2020 15:27:07.675 [VersionControl.Module] Initializing version control. Enabled:False. 
12/11/2020 15:27:07.675 [VersionControl.Module] Initializing version control complete. 
12/11/2020 15:27:08.034 [Vixen.Sys.State.Execution.OpeningState] Vixen execution engine entering the open state... 
12/11/2020 15:27:08.081 [VixenModules.Output.GenericSerial.Module] Starting retry counter for com port access. Retry count is 1 
12/11/2020 15:27:08.097 [Vixen.Sys.State.Execution.OpenState] Vixen execution engine entered the open state. 
12/11/2020 15:27:08.097 [Vixen.Sys.VixenSystem] Vixen System successfully started. 
12/11/2020 15:27:15.661 [VixenApplication.VixenApplication]  Release version 3.7u3 available. 
12/11/2020 15:29:08.098 [VixenModules.Output.GenericSerial.Module] Attempting to start serial controller. 
12/11/2020 15:29:08.098 [VixenModules.Output.GenericSerial.Module] Starting retry counter for com port access. Retry count is 2 
12/11/2020 15:31:08.101 [VixenModules.Output.GenericSerial.Module] Attempting to start serial controller. 
12/11/2020 15:31:08.101 [VixenModules.Output.GenericSerial.Module] Starting retry counter for com port access. Retry count is 3 
12/11/2020 15:33:08.115 [VixenModules.Output.GenericSerial.Module] Attempting to start serial controller. 
12/11/2020 15:33:08.136 [VixenModules.Output.GenericSerial.Module] Retry counter for com port access has exceeded max tries.  Controller has been stopped. 
12/11/2020 18:49:51.903 [VixenApplication.NLogListener] Application.MainWindow is null, cannot subscribe to keyboard events, subscribed to Application.Activated event 
12/11/2020 18:50:55.542 [Vixen.Sys.VixenSystem] Vixen System stopping... 
12/11/2020 18:50:55.542 [Vixen.Sys.State.Execution.ClosingState] Vixen execution engine entering the closing state... 
12/11/2020 18:50:55.612 [Vixen.Sys.State.Execution.ClosedState] Vixen execution engine entered the closed state. 
12/11/2020 18:50:55.677 [Vixen.Sys.VixenSystem] Vixen System successfully stopped. 
